2013/09/23 23:03:30 [error] [exception.CHttpException.404] exception 'CHttpException' with message 'Unable to resolve the request "favicon.ico".' in /home/fox/web/hsoa/trunk/yii/framework/web/CWebApplication.php:286
Stack trace:
#0 /home/fox/web/hsoa/trunk/yii/framework/web/CWebApplication.php(141): CWebApplication->runController('favicon.ico')
#1 /home/fox/web/hsoa/trunk/yii/framework/base/CApplication.php(169): CWebApplication->processRequest()
#2 /home/fox/web/hsoa/trunk/yipiao/index.php(13): CApplication->run()
#3 {main}
REQUEST_URI=/favicon.ico
---
2013/09/23 23:05:28 [error] [exception.CHttpException.404] exception 'CHttpException' with message 'Unable to resolve the request "favicon.ico".' in /home/fox/web/hsoa/trunk/yii/framework/web/CWebApplication.php:286
Stack trace:
#0 /home/fox/web/hsoa/trunk/yii/framework/web/CWebApplication.php(141): CWebApplication->runController('favicon.ico')
#1 /home/fox/web/hsoa/trunk/yii/framework/base/CApplication.php(169): CWebApplication->processRequest()
#2 /home/fox/web/hsoa/trunk/yipiao/index.php(13): CApplication->run()
#3 {main}
REQUEST_URI=/favicon.ico
---
2013/09/23 23:07:02 [error] [exception.CHttpException.404] exception 'CHttpException' with message 'Unable to resolve the request "favicon.ico".' in /home/fox/web/hsoa/trunk/yii/framework/web/CWebApplication.php:286
Stack trace:
#0 /home/fox/web/hsoa/trunk/yii/framework/web/CWebApplication.php(141): CWebApplication->runController('favicon.ico')
#1 /home/fox/web/hsoa/trunk/yii/framework/base/CApplication.php(169): CWebApplication->processRequest()
#2 /home/fox/web/hsoa/trunk/yipiao/index.php(13): CApplication->run()
#3 {main}
REQUEST_URI=/favicon.ico
---
2013/09/23 23:08:16 [error] [exception.CHttpException.404] exception 'CHttpException' with message 'Unable to resolve the request "comm/index".' in /home/fox/web/hsoa/trunk/yii/framework/web/CWebApplication.php:286
Stack trace:
#0 /home/fox/web/hsoa/trunk/yii/framework/web/CWebApplication.php(141): CWebApplication->runController('')
#1 /home/fox/web/hsoa/trunk/yii/framework/base/CApplication.php(169): CWebApplication->processRequest()
#2 /home/fox/web/hsoa/trunk/yipiao/index.php(13): CApplication->run()
#3 {main}
REQUEST_URI=/
---
2013/09/23 23:08:24 [error] [exception.CHttpException.404] exception 'CHttpException' with message 'Unable to resolve the request "comm/index".' in /home/fox/web/hsoa/trunk/yii/framework/web/CWebApplication.php:286
Stack trace:
#0 /home/fox/web/hsoa/trunk/yii/framework/web/CWebApplication.php(141): CWebApplication->runController('')
#1 /home/fox/web/hsoa/trunk/yii/framework/base/CApplication.php(169): CWebApplication->processRequest()
#2 /home/fox/web/hsoa/trunk/yipiao/index.php(13): CApplication->run()
#3 {main}
REQUEST_URI=/
---
2013/09/23 23:08:52 [error] [exception.CHttpException.404] exception 'CHttpException' with message 'Unable to resolve the request "comm/index".' in /home/fox/web/hsoa/trunk/yii/framework/web/CWebApplication.php:286
Stack trace:
#0 /home/fox/web/hsoa/trunk/yii/framework/web/CWebApplication.php(141): CWebApplication->runController('')
#1 /home/fox/web/hsoa/trunk/yii/framework/base/CApplication.php(169): CWebApplication->processRequest()
#2 /home/fox/web/hsoa/trunk/yipiao/index.php(13): CApplication->run()
#3 {main}
REQUEST_URI=/
---
2013/09/23 23:09:15 [error] [exception.CHttpException.404] exception 'CHttpException' with message 'Unable to resolve the request "comm/index".' in /home/fox/web/hsoa/trunk/yii/framework/web/CWebApplication.php:286
Stack trace:
#0 /home/fox/web/hsoa/trunk/yii/framework/web/CWebApplication.php(141): CWebApplication->runController('comm/index')
#1 /home/fox/web/hsoa/trunk/yii/framework/base/CApplication.php(169): CWebApplication->processRequest()
#2 /home/fox/web/hsoa/trunk/yipiao/index.php(13): CApplication->run()
#3 {main}
REQUEST_URI=/comm/index
---
2013/09/23 23:09:22 [error] [exception.CHttpException.404] exception 'CHttpException' with message 'Unable to resolve the request "comm/index".' in /home/fox/web/hsoa/trunk/yii/framework/web/CWebApplication.php:286
Stack trace:
#0 /home/fox/web/hsoa/trunk/yii/framework/web/CWebApplication.php(141): CWebApplication->runController('comm/index')
#1 /home/fox/web/hsoa/trunk/yii/framework/base/CApplication.php(169): CWebApplication->processRequest()
#2 /home/fox/web/hsoa/trunk/yipiao/index.php(13): CApplication->run()
#3 {main}
REQUEST_URI=/comm/index
---
